

Started GET "/" for 127.0.0.1 at 2016-02-07 06:44:13 -0800
Processing by Rails::WelcomeController#index as HTML
  Rendered /home/lukasx/.rvm/gems/ruby-2.1.2/gems/railties-4.0.2/lib/rails/templates/rails/welcome/index.html.erb (0.8ms)
Completed 200 OK in 4ms (Views: 4.0ms | ActiveRecord: 0.0ms)


Started GET "/" for 127.0.0.1 at 2016-02-07 06:56:06 -0800
Processing by Rails::WelcomeController#index as HTML
  Rendered /home/lukasx/.rvm/rubies/ruby-2.1.2/lib/ruby/gems/2.1.0/gems/railties-4.0.2/lib/rails/templates/rails/welcome/index.html.erb (1.0ms)
Completed 200 OK in 4ms (Views: 4.2ms | ActiveRecord: 0.0ms)


Started GET "/" for 127.0.0.1 at 2016-02-07 06:56:12 -0800
Processing by Rails::WelcomeController#index as HTML
  Rendered /home/lukasx/.rvm/rubies/ruby-2.1.2/lib/ruby/gems/2.1.0/gems/railties-4.0.2/lib/rails/templates/rails/welcome/index.html.erb (0.1ms)
Completed 200 OK in 2ms (Views: 1.4ms | ActiveRecord: 0.0ms)


Started GET "/" for 127.0.0.1 at 2016-02-07 06:56:52 -0800
Processing by Rails::WelcomeController#index as HTML
  Rendered /home/lukasx/.rvm/gems/ruby-2.1.2@global/gems/railties-4.0.2/lib/rails/templates/rails/welcome/index.html.erb (0.9ms)
Completed 200 OK in 4ms (Views: 3.9ms | ActiveRecord: 0.0ms)


Started GET "/" for 127.0.0.1 at 2016-02-07 06:57:07 -0800
Processing by Rails::WelcomeController#index as HTML
  Rendered /home/lukasx/.rvm/rubies/ruby-2.1.2/lib/ruby/gems/2.1.0/gems/railties-4.0.2/lib/rails/templates/rails/welcome/index.html.erb (1.0ms)
Completed 200 OK in 5ms (Views: 4.9ms | ActiveRecord: 0.0ms)


Started GET "/" for 127.0.0.1 at 2016-02-07 06:57:12 -0800
Processing by Rails::WelcomeController#index as HTML
  Rendered /home/lukasx/.rvm/rubies/ruby-2.1.2/lib/ruby/gems/2.1.0/gems/railties-4.0.2/lib/rails/templates/rails/welcome/index.html.erb (0.1ms)
Completed 200 OK in 4ms (Views: 4.1ms | ActiveRecord: 0.0ms)


Started GET "/" for 127.0.0.1 at 2016-02-07 06:57:17 -0800
Processing by Rails::WelcomeController#index as HTML
  Rendered /home/lukasx/.rvm/rubies/ruby-2.1.2/lib/ruby/gems/2.1.0/gems/railties-4.0.2/lib/rails/templates/rails/welcome/index.html.erb (0.1ms)
Completed 200 OK in 2ms (Views: 1.4ms | ActiveRecord: 0.0ms)


Started GET "/" for 127.0.0.1 at 2016-02-07 06:57:19 -0800
Processing by Rails::WelcomeController#index as HTML
  Rendered /home/lukasx/.rvm/rubies/ruby-2.1.2/lib/ruby/gems/2.1.0/gems/railties-4.0.2/lib/rails/templates/rails/welcome/index.html.erb (0.1ms)
Completed 200 OK in 1ms (Views: 1.4ms | ActiveRecord: 0.0ms)


Started GET "/" for 127.0.0.1 at 2016-02-07 07:00:52 -0800
Processing by Rails::WelcomeController#index as HTML
  Rendered /home/lukasx/.rvm/rubies/ruby-2.1.2/lib/ruby/gems/2.1.0/gems/railties-4.0.2/lib/rails/templates/rails/welcome/index.html.erb (0.1ms)
Completed 200 OK in 2ms (Views: 1.8ms | ActiveRecord: 0.0ms)
